# JRE version: Java(TM) SE Runtime Environment (8.0_191-b12) (build 1.8.0_191-b12)
# Java VM: Java HotSpot(TM) 64-Bit Server VM (25.191-b12 mixed mode linux-amd64 compressed oops)
Heap:
 PSYoungGen      total 232448K, used 13016K [0x00000000d6700000, 0x00000000ee980000, 0x0000000100000000)
  eden space 217088K, 5% used [0x00000000d6700000,0x00000000d73b63f8,0x00000000e3b00000)
  from space 15360K, 0% used [0x00000000e3b00000,0x00000000e3b00000,0x00000000e4a00000)
  to   space 20480K, 0% used [0x00000000ed580000,0x00000000ed580000,0x00000000ee980000)
 ParOldGen       total 92160K, used 24691K [0x0000000083400000, 0x0000000088e00000, 0x00000000d6700000)
  object space 92160K, 26% used [0x0000000083400000,0x0000000084c1ce60,0x0000000088e00000)
 Metaspace       used 33786K, capacity 35430K, committed 35712K, reserved 1079296K
  class space    used 4621K, capacity 4921K, committed 4992K, reserved 1048576K
GC Heap History (10 events):
Event: 2,046 GC heap before
{Heap before GC invocations=5 (full 1):
 PSYoungGen      total 136192K, used 5102K [0x00000000d6700000, 0x00000000df100000, 0x0000000100000000)
  eden space 131072K, 0% used [0x00000000d6700000,0x00000000d6700000,0x00000000de700000)
  from space 5120K, 99% used [0x00000000dec00000,0x00000000df0fbae8,0x00000000df100000)
  to   space 5120K, 0% used [0x00000000de700000,0x00000000de700000,0x00000000dec00000)
 ParOldGen       total 86016K, used 6140K [0x0000000083400000, 0x0000000088800000, 0x00000000d6700000)
  object space 86016K, 7% used [0x0000000083400000,0x00000000839ff0b8,0x0000000088800000)
 Metaspace       used 20639K, capacity 21226K, committed 21296K, reserved 1067008K
  class space    used 2745K, capacity 2923K, committed 2944K, reserved 1048576K
Event: 2,118 GC heap after
Heap after GC invocations=5 (full 1):
 PSYoungGen      total 136192K, used 0K [0x00000000d6700000, 0x00000000df100000, 0x0000000100000000)
  eden space 131072K, 0% used [0x00000000d6700000,0x00000000d6700000,0x00000000de700000)
  from space 5120K, 0% used [0x00000000dec00000,0x00000000dec00000,0x00000000df100000)
  to   space 5120K, 0% used [0x00000000de700000,0x00000000de700000,0x00000000dec00000)
 ParOldGen       total 52736K, used 6797K [0x0000000083400000, 0x0000000086780000, 0x00000000d6700000)
  object space 52736K, 12% used [0x0000000083400000,0x0000000083aa3740,0x0000000086780000)
 Metaspace       used 20639K, capacity 21226K, committed 21296K, reserved 1067008K
  class space    used 2745K, capacity 2923K, committed 2944K, reserved 1048576K
}
Event: 3,037 GC heap before
{Heap before GC invocations=6 (full 1):
 PSYoungGen      total 136192K, used 131046K [0x00000000d6700000, 0x00000000df100000, 0x0000000100000000)
  eden space 131072K, 99% used [0x00000000d6700000,0x00000000de6f9bd8,0x00000000de700000)
  from space 5120K, 0% used [0x00000000dec00000,0x00000000dec00000,0x00000000df100000)
  to   space 5120K, 0% used [0x00000000de700000,0x00000000de700000,0x00000000dec00000)
 ParOldGen       total 52736K, used 6797K [0x0000000083400000, 0x0000000086780000, 0x00000000d6700000)
  object space 52736K, 12% used [0x0000000083400000,0x0000000083aa3740,0x0000000086780000)
 Metaspace       used 23741K, capacity 24478K, committed 24704K, reserved 1071104K
  class space    used 3178K, capacity 3367K, committed 3456K, reserved 1048576K
Event: 3,067 GC heap after
Heap after GC invocations=6 (full 1):
 PSYoungGen      total 136192K, used 5107K [0x00000000d6700000, 0x00000000e5500000, 0x0000000100000000)
  eden space 131072K, 0% used [0x00000000d6700000,0x00000000d6700000,0x00000000de700000)
  from space 5120K, 99% used [0x00000000de700000,0x00000000debfcef8,0x00000000dec00000)
  to   space 11264K, 0% used [0x00000000e4a00000,0x00000000e4a00000,0x00000000e5500000)
 ParOldGen       total 52736K, used 11361K [0x0000000083400000, 0x0000000086780000, 0x00000000d6700000)
  object space 52736K, 21% used [0x0000000083400000,0x0000000083f18770,0x0000000086780000)
 Metaspace       used 23741K, capacity 24478K, committed 24704K, reserved 1071104K
  class space    used 3178K, capacity 3367K, committed 3456K, reserved 1048576K
}
Event: 4,133 GC heap before
{Heap before GC invocations=7 (full 1):
 PSYoungGen      total 136192K, used 136179K [0x00000000d6700000, 0x00000000e5500000, 0x0000000100000000)
  eden space 131072K, 100% used [0x00000000d6700000,0x00000000de700000,0x00000000de700000)
  from space 5120K, 99% used [0x00000000de700000,0x00000000debfcef8,0x00000000dec00000)
  to   space 11264K, 0% used [0x00000000e4a00000,0x00000000e4a00000,0x00000000e5500000)
 ParOldGen       total 52736K, used 11361K [0x0000000083400000, 0x0000000086780000, 0x00000000d6700000)
  object space 52736K, 21% used [0x0000000083400000,0x0000000083f18770,0x0000000086780000)
 Metaspace       used 29077K, capacity 30212K, committed 30464K, reserved 1075200K
  class space    used 3976K, capacity 4226K, committed 4352K, reserved 1048576K
Event: 4,174 GC heap after
Heap after GC invocations=7 (full 1):
 PSYoungGen      total 228352K, used 11252K [0x00000000d6700000, 0x00000000e5980000, 0x0000000100000000)
  eden space 217088K, 0% used [0x00000000d6700000,0x00000000d6700000,0x00000000e3b00000)
  from space 11264K, 99% used [0x00000000e4a00000,0x00000000e54fd208,0x00000000e5500000)
  to   space 15360K, 0% used [0x00000000e3b00000,0x00000000e3b00000,0x00000000e4a00000)
 ParOldGen       total 52736K, used 15802K [0x0000000083400000, 0x0000000086780000, 0x00000000d6700000)
  object space 52736K, 29% used [0x0000000083400000,0x000000008436e960,0x0000000086780000)
 Metaspace       used 29077K, capacity 30212K, committed 30464K, reserved 1075200K
  class space    used 3976K, capacity 4226K, committed 4352K, reserved 1048576K
}
Event: 5,326 GC heap before
{Heap before GC invocations=8 (full 1):
 PSYoungGen      total 228352K, used 195898K [0x00000000d6700000, 0x00000000e5980000, 0x0000000100000000)
  eden space 217088K, 85% used [0x00000000d6700000,0x00000000e1b51990,0x00000000e3b00000)
  from space 11264K, 99% used [0x00000000e4a00000,0x00000000e54fd208,0x00000000e5500000)
  to   space 15360K, 0% used [0x00000000e3b00000,0x00000000e3b00000,0x00000000e4a00000)
 ParOldGen       total 52736K, used 15802K [0x0000000083400000, 0x0000000086780000, 0x00000000d6700000)
  object space 52736K, 29% used [0x0000000083400000,0x000000008436e960,0x0000000086780000)
 Metaspace       used 33782K, capacity 35366K, committed 35456K, reserved 1079296K
  class space    used 4618K, capacity 4921K, committed 4992K, reserved 1048576K
Event: 5,374 GC heap after
Heap after GC invocations=8 (full 1):
 PSYoungGen      total 232448K, used 15333K [0x00000000d6700000, 0x00000000ee980000, 0x0000000100000000)
  eden space 217088K, 0% used [0x00000000d6700000,0x00000000d6700000,0x00000000e3b00000)
  from space 15360K, 99% used [0x00000000e3b00000,0x00000000e49f9798,0x00000000e4a00000)
  to   space 20480K, 0% used [0x00000000ed580000,0x00000000ed580000,0x00000000ee980000)
 ParOldGen       total 52736K, used 20528K [0x0000000083400000, 0x0000000086780000, 0x00000000d6700000)
  object space 52736K, 38% used [0x0000000083400000,0x000000008480c010,0x0000000086780000)
 Metaspace       used 33782K, capacity 35366K, committed 35456K, reserved 1079296K
  class space    used 4618K, capacity 4921K, committed 4992K, reserved 1048576K
}
Event: 5,374 GC heap before
{Heap before GC invocations=9 (full 2):
 PSYoungGen      total 232448K, used 15333K [0x00000000d6700000, 0x00000000ee980000, 0x0000000100000000)
  eden space 217088K, 0% used [0x00000000d6700000,0x00000000d6700000,0x00000000e3b00000)
  from space 15360K, 99% used [0x00000000e3b00000,0x00000000e49f9798,0x00000000e4a00000)
  to   space 20480K, 0% used [0x00000000ed580000,0x00000000ed580000,0x00000000ee980000)
 ParOldGen       total 52736K, used 20528K [0x0000000083400000, 0x0000000086780000, 0x00000000d6700000)
  object space 52736K, 38% used [0x0000000083400000,0x000000008480c010,0x0000000086780000)
 Metaspace       used 33782K, capacity 35366K, committed 35456K, reserved 1079296K
  class space    used 4618K, capacity 4921K, committed 4992K, reserved 1048576K
Event: 5,561 GC heap after
Heap after GC invocations=9 (full 2):
 PSYoungGen      total 232448K, used 0K [0x00000000d6700000, 0x00000000ee980000, 0x0000000100000000)
  eden space 217088K, 0% used [0x00000000d6700000,0x00000000d6700000,0x00000000e3b00000)
  from space 15360K, 0% used [0x00000000e3b00000,0x00000000e3b00000,0x00000000e4a00000)
  to   space 20480K, 0% used [0x00000000ed580000,0x00000000ed580000,0x00000000ee980000)
 ParOldGen       total 92160K, used 24691K [0x0000000083400000, 0x0000000088e00000, 0x00000000d6700000)
  object space 92160K, 26% used [0x0000000083400000,0x0000000084c1ce60,0x0000000088e00000)
 Metaspace       used 33782K, capacity 35366K, committed 35456K, reserved 1079296K
  class space    used 4618K, capacity 4921K, committed 4992K, reserved 1048576K
}

